\BOOKMARK [0][-]{chapter.1}{\376\377\0001\000\040\000F\000i\000l\000e\000\040\000I\000n\000d\000e\000x}{}% 1
\BOOKMARK [1][-]{section.1.1}{\376\377\0001\000.\0001\000\040\000F\000i\000l\000e\000\040\000L\000i\000s\000t}{chapter.1}% 2
\BOOKMARK [0][-]{chapter.2}{\376\377\0002\000\040\000F\000i\000l\000e\000\040\000D\000o\000c\000u\000m\000e\000n\000t\000a\000t\000i\000o\000n}{}% 3
\BOOKMARK [1][-]{section.2.1}{\376\377\0002\000.\0001\000\040\000m\000a\000i\000n\000.\000c\000\040\000F\000i\000l\000e\000\040\000R\000e\000f\000e\000r\000e\000n\000c\000e}{chapter.2}% 4
\BOOKMARK [2][-]{subsection.2.1.1}{\376\377\0002\000.\0001\000.\0001\000\040\000D\000e\000t\000a\000i\000l\000e\000d\000\040\000D\000e\000s\000c\000r\000i\000p\000t\000i\000o\000n}{section.2.1}% 5
\BOOKMARK [2][-]{subsection.2.1.2}{\376\377\0002\000.\0001\000.\0002\000\040\000D\000a\000t\000a\000\040\000S\000t\000r\000u\000c\000t\000u\000r\000e\000\040\000D\000o\000c\000u\000m\000e\000n\000t\000a\000t\000i\000o\000n}{section.2.1}% 6
\BOOKMARK [3][-]{subsubsection.2.1.2.1}{\376\377\0002\000.\0001\000.\0002\000.\0001\000\040\000s\000t\000r\000u\000c\000t\000\040\000N\000o\000d\000e}{subsection.2.1.2}% 7
\BOOKMARK [3][-]{subsubsection.2.1.2.2}{\376\377\0002\000.\0001\000.\0002\000.\0002\000\040\000s\000t\000r\000u\000c\000t\000\040\000L\000i\000s\000t}{subsection.2.1.2}% 8
\BOOKMARK [2][-]{subsection.2.1.3}{\376\377\0002\000.\0001\000.\0003\000\040\000M\000a\000c\000r\000o\000\040\000D\000e\000f\000i\000n\000i\000t\000i\000o\000n\000\040\000D\000o\000c\000u\000m\000e\000n\000t\000a\000t\000i\000o\000n}{section.2.1}% 9
\BOOKMARK [3][-]{subsubsection.2.1.3.1}{\376\377\0002\000.\0001\000.\0003\000.\0001\000\040\000B\000O\000L\000D}{subsection.2.1.3}% 10
\BOOKMARK [3][-]{subsubsection.2.1.3.2}{\376\377\0002\000.\0001\000.\0003\000.\0002\000\040\000C\000Y\000A\000N}{subsection.2.1.3}% 11
\BOOKMARK [3][-]{subsubsection.2.1.3.3}{\376\377\0002\000.\0001\000.\0003\000.\0003\000\040\000F\000R\000E\000Q\000\137\000S\000I\000Z\000E}{subsection.2.1.3}% 12
\BOOKMARK [3][-]{subsubsection.2.1.3.4}{\376\377\0002\000.\0001\000.\0003\000.\0004\000\040\000G\000R\000E\000E\000N}{subsection.2.1.3}% 13
\BOOKMARK [3][-]{subsubsection.2.1.3.5}{\376\377\0002\000.\0001\000.\0003\000.\0005\000\040\000M\000A\000G\000E\000N\000T\000A}{subsection.2.1.3}% 14
\BOOKMARK [3][-]{subsubsection.2.1.3.6}{\376\377\0002\000.\0001\000.\0003\000.\0006\000\040\000M\000A\000X\000\137\000F\000I\000L\000E\000\137\000N\000A\000M\000E\000\137\000S\000I\000Z\000E}{subsection.2.1.3}% 15
\BOOKMARK [3][-]{subsubsection.2.1.3.7}{\376\377\0002\000.\0001\000.\0003\000.\0007\000\040\000R\000E\000D}{subsection.2.1.3}% 16
\BOOKMARK [3][-]{subsubsection.2.1.3.8}{\376\377\0002\000.\0001\000.\0003\000.\0008\000\040\000R\000E\000S\000E\000T}{subsection.2.1.3}% 17
\BOOKMARK [3][-]{subsubsection.2.1.3.9}{\376\377\0002\000.\0001\000.\0003\000.\0009\000\040\000T\000R\000E\000E\000\137\000B\000U\000F\000F\000E\000R\000\137\000M\000A\000X\000\137\000S\000I\000Z\000E}{subsection.2.1.3}% 18
\BOOKMARK [3][-]{subsubsection.2.1.3.10}{\376\377\0002\000.\0001\000.\0003\000.\0001\0000\000\040\000Y\000E\000L\000L\000O\000W}{subsection.2.1.3}% 19
\BOOKMARK [2][-]{subsection.2.1.4}{\376\377\0002\000.\0001\000.\0004\000\040\000T\000y\000p\000e\000d\000e\000f\000\040\000D\000o\000c\000u\000m\000e\000n\000t\000a\000t\000i\000o\000n}{section.2.1}% 20
\BOOKMARK [3][-]{subsubsection.2.1.4.1}{\376\377\0002\000.\0001\000.\0004\000.\0001\000\040\000L\000i\000s\000t}{subsection.2.1.4}% 21
\BOOKMARK [3][-]{subsubsection.2.1.4.2}{\376\377\0002\000.\0001\000.\0004\000.\0002\000\040\000N\000o\000d\000e}{subsection.2.1.4}% 22
\BOOKMARK [2][-]{subsection.2.1.5}{\376\377\0002\000.\0001\000.\0005\000\040\000F\000u\000n\000c\000t\000i\000o\000n\000\040\000D\000o\000c\000u\000m\000e\000n\000t\000a\000t\000i\000o\000n}{section.2.1}% 23
\BOOKMARK [3][-]{subsubsection.2.1.5.1}{\376\377\0002\000.\0001\000.\0005\000.\0001\000\040\000a\000l\000l\000o\000c\000a\000t\000e\000\137\000t\000a\000b\000l\000e\000\050\000\051}{subsection.2.1.5}% 24
\BOOKMARK [3][-]{subsubsection.2.1.5.2}{\376\377\0002\000.\0001\000.\0005\000.\0002\000\040\000b\000u\000i\000l\000d\000\137\000t\000a\000b\000l\000e\000\050\000\051}{subsection.2.1.5}% 25
\BOOKMARK [3][-]{subsubsection.2.1.5.3}{\376\377\0002\000.\0001\000.\0005\000.\0003\000\040\000b\000u\000i\000l\000d\000\137\000t\000r\000e\000e\000\050\000\051}{subsection.2.1.5}% 26
\BOOKMARK [3][-]{subsubsection.2.1.5.4}{\376\377\0002\000.\0001\000.\0005\000.\0004\000\040\000b\000u\000i\000l\000d\000\137\000t\000r\000e\000e\000\137\000b\000u\000f\000f\000e\000r\000\050\000\051}{subsection.2.1.5}% 27
\BOOKMARK [3][-]{subsubsection.2.1.5.5}{\376\377\0002\000.\0001\000.\0005\000.\0005\000\040\000b\000u\000i\000l\000d\000\137\000t\000r\000e\000e\000\137\000f\000r\000o\000m\000\137\000b\000i\000t\000s\000\050\000\051}{subsection.2.1.5}% 28
\BOOKMARK [3][-]{subsubsection.2.1.5.6}{\376\377\0002\000.\0001\000.\0005\000.\0006\000\040\000b\000u\000i\000l\000d\000\137\000t\000r\000e\000e\000\137\000f\000r\000o\000m\000\137\000h\000e\000a\000d\000e\000r\000\050\000\051}{subsection.2.1.5}% 29
\BOOKMARK [3][-]{subsubsection.2.1.5.7}{\376\377\0002\000.\0001\000.\0005\000.\0007\000\040\000c\000l\000e\000a\000r\000\137\000s\000c\000r\000e\000e\000n\000\050\000\051}{subsection.2.1.5}% 30
\BOOKMARK [3][-]{subsubsection.2.1.5.8}{\376\377\0002\000.\0001\000.\0005\000.\0008\000\040\000c\000o\000m\000p\000r\000e\000s\000s\000\050\000\051}{subsection.2.1.5}% 31
\BOOKMARK [3][-]{subsubsection.2.1.5.9}{\376\377\0002\000.\0001\000.\0005\000.\0009\000\040\000c\000r\000e\000a\000t\000e\000\137\000l\000i\000s\000t\000\050\000\051}{subsection.2.1.5}% 32
\BOOKMARK [3][-]{subsubsection.2.1.5.10}{\376\377\0002\000.\0001\000.\0005\000.\0001\0000\000\040\000e\000n\000c\000o\000d\000e\000\050\000\051}{subsection.2.1.5}% 33
\BOOKMARK [3][-]{subsubsection.2.1.5.11}{\376\377\0002\000.\0001\000.\0005\000.\0001\0001\000\040\000e\000x\000t\000r\000a\000c\000t\000\050\000\051}{subsection.2.1.5}% 34
\BOOKMARK [3][-]{subsubsection.2.1.5.12}{\376\377\0002\000.\0001\000.\0005\000.\0001\0002\000\040\000f\000i\000l\000e\000\137\000w\000i\000t\000h\000\137\000e\000x\000t\000r\000a\000\137\000h\000u\000f\000f\000\050\000\051}{subsection.2.1.5}% 35
\BOOKMARK [3][-]{subsubsection.2.1.5.13}{\376\377\0002\000.\0001\000.\0005\000.\0001\0003\000\040\000f\000i\000l\000l\000\137\000l\000i\000s\000t\000\050\000\051}{subsection.2.1.5}% 36
\BOOKMARK [3][-]{subsubsection.2.1.5.14}{\376\377\0002\000.\0001\000.\0005\000.\0001\0004\000\040\000f\000r\000e\000e\000\137\000t\000r\000e\000e\000\050\000\051}{subsection.2.1.5}% 37
\BOOKMARK [3][-]{subsubsection.2.1.5.15}{\376\377\0002\000.\0001\000.\0005\000.\0001\0005\000\040\000g\000e\000t\000\137\000f\000r\000e\000q\000\050\000\051}{subsection.2.1.5}% 38
\BOOKMARK [3][-]{subsubsection.2.1.5.16}{\376\377\0002\000.\0001\000.\0005\000.\0001\0006\000\040\000i\000n\000s\000e\000r\000t\000\137\000s\000o\000r\000t\000e\000d\000\050\000\051}{subsection.2.1.5}% 39
\BOOKMARK [3][-]{subsubsection.2.1.5.17}{\376\377\0002\000.\0001\000.\0005\000.\0001\0007\000\040\000i\000s\000\137\000b\000i\000t\000\137\000o\000n\000e\000\050\000\051}{subsection.2.1.5}% 40
\BOOKMARK [3][-]{subsubsection.2.1.5.18}{\376\377\0002\000.\0001\000.\0005\000.\0001\0008\000\040\000m\000a\000i\000n\000\050\000\051}{subsection.2.1.5}% 41
\BOOKMARK [3][-]{subsubsection.2.1.5.19}{\376\377\0002\000.\0001\000.\0005\000.\0001\0009\000\040\000m\000o\000u\000n\000t\000\137\000h\000e\000a\000d\000e\000r\000\050\000\051}{subsection.2.1.5}% 42
\BOOKMARK [3][-]{subsubsection.2.1.5.20}{\376\377\0002\000.\0001\000.\0005\000.\0002\0000\000\040\000r\000e\000m\000o\000v\000e\000\137\000b\000e\000g\000i\000n\000\050\000\051}{subsection.2.1.5}% 43
\BOOKMARK [3][-]{subsubsection.2.1.5.21}{\376\377\0002\000.\0001\000.\0005\000.\0002\0001\000\040\000r\000e\000m\000o\000v\000e\000\137\000h\000u\000f\000f\000\137\000e\000x\000t\000e\000n\000s\000i\000o\000n\000\050\000\051}{subsection.2.1.5}% 44
\BOOKMARK [3][-]{subsubsection.2.1.5.22}{\376\377\0002\000.\0001\000.\0005\000.\0002\0002\000\040\000s\000i\000z\000e\000\137\000s\000t\000r\000\050\000\051}{subsection.2.1.5}% 45
\BOOKMARK [3][-]{subsubsection.2.1.5.23}{\376\377\0002\000.\0001\000.\0005\000.\0002\0003\000\040\000t\000r\000e\000e\000\137\000h\000e\000i\000g\000h\000t\000\050\000\051}{subsection.2.1.5}% 46
\BOOKMARK [3][-]{subsubsection.2.1.5.24}{\376\377\0002\000.\0001\000.\0005\000.\0002\0004\000\040\000w\000r\000i\000t\000e\000\137\000b\000i\000t\000\137\000s\000t\000r\000\050\000\051}{subsection.2.1.5}% 47
